<?xml version="1.0" encoding="UTF-8"?>
<!-- Generated by org.testng.reporters.JUnitXMLReporter -->
<testsuite hostname="DESKTOP-BAHRCS7" name="Ebay" tests="9" failures="0" timestamp="16 Jun 2023 02:35:14 GMT" time="210.272" errors="0">
  <testcase name="feature" time="64.052" classname="upskill.runners.RunnerClass"/>
  <testcase name="feature" time="47.119" classname="upskill.runners.RunnerClass"/>
  <testcase name="feature" time="18.964" classname="upskill.runners.RunnerClass"/>
  <testcase name="feature" time="12.893" classname="upskill.runners.RunnerClass"/>
  <testcase name="feature" time="12.226" classname="upskill.runners.RunnerClass"/>
  <testcase name="feature" time="12.645" classname="upskill.runners.RunnerClass"/>
  <testcase name="feature" time="11.5" classname="upskill.runners.RunnerClass"/>
  <testcase name="feature" time="14.681" classname="upskill.runners.RunnerClass"/>
  <testcase name="feature" time="15.437" classname="upskill.runners.RunnerClass"/>
</testsuite> <!-- Ebay -->
