<?xml version="1.0" encoding="UTF-8"?>
<testng-results skipped="0" failed="0" total="9" passed="9">
  <reporter-output>
  </reporter-output>
  <suite name="Regression" duration-ms="210272" started-at="2023-06-16T02:31:44Z" finished-at="2023-06-16T02:35:14Z">
    <groups>
      <group name="cucumber">
        <method signature="AbstractTestNGCucumberTests.feature(cucumber.api.testng.CucumberFeatureWrapper)[pri:0, instance:upskill.runners.RunnerClass@7ac7a4e4]" name="feature" class="cucumber.api.testng.AbstractTestNGCucumberTests"/>
      </group> <!-- cucumber -->
    </groups>
    <test name="Ebay" duration-ms="210272" started-at="2023-06-16T02:31:44Z" finished-at="2023-06-16T02:35:14Z">
      <class name="upskill.runners.RunnerClass">
        <test-method status="PASS" signature="setUpClass()[pri:0, instance:upskill.runners.RunnerClass@7ac7a4e4]" name="setUpClass" is-config="true" duration-ms="230" started-at="2023-06-16T08:31:44Z" finished-at="2023-06-16T08:31:44Z">
          <reporter-output>
          </reporter-output>
        </test-method> <!-- setUpClass -->
        <test-method status="PASS" signature="feature(cucumber.api.testng.CucumberFeatureWrapper)[pri:0, instance:upskill.runners.RunnerClass@7ac7a4e4]" name="feature" duration-ms="64052" started-at="2023-06-16T08:31:44Z" description="Runs Cucumber Feature" data-provider="features" finished-at="2023-06-16T08:32:49Z">
          <params>
            <param index="0">
              <value>
                <![CDATA[Ebay Brand Outline]]>
              </value>
            </param>
          </params>
          <reporter-output>
          </reporter-output>
        </test-method> <!-- feature -->
        <test-method status="PASS" signature="feature(cucumber.api.testng.CucumberFeatureWrapper)[pri:0, instance:upskill.runners.RunnerClass@7ac7a4e4]" name="feature" duration-ms="47119" started-at="2023-06-16T08:32:49Z" description="Runs Cucumber Feature" data-provider="features" finished-at="2023-06-16T08:33:36Z">
          <params>
            <param index="0">
              <value>
                <![CDATA[Ebay Cart Functionality]]>
              </value>
            </param>
          </params>
          <reporter-output>
          </reporter-output>
        </test-method> <!-- feature -->
        <test-method status="PASS" signature="feature(cucumber.api.testng.CucumberFeatureWrapper)[pri:0, instance:upskill.runners.RunnerClass@7ac7a4e4]" name="feature" duration-ms="18964" started-at="2023-06-16T08:33:36Z" description="Runs Cucumber Feature" data-provider="features" finished-at="2023-06-16T08:33:55Z">
          <params>
            <param index="0">
              <value>
                <![CDATA[Ebay Search Functionality]]>
              </value>
            </param>
          </params>
          <reporter-output>
          </reporter-output>
        </test-method> <!-- feature -->
        <test-method status="PASS" signature="feature(cucumber.api.testng.CucumberFeatureWrapper)[pri:0, instance:upskill.runners.RunnerClass@7ac7a4e4]" name="feature" duration-ms="12893" started-at="2023-06-16T08:33:55Z" description="Runs Cucumber Feature" data-provider="features" finished-at="2023-06-16T08:34:07Z">
          <params>
            <param index="0">
              <value>
                <![CDATA[Ebay Search Functionality for Iphone]]>
              </value>
            </param>
          </params>
          <reporter-output>
          </reporter-output>
        </test-method> <!-- feature -->
        <test-method status="PASS" signature="feature(cucumber.api.testng.CucumberFeatureWrapper)[pri:0, instance:upskill.runners.RunnerClass@7ac7a4e4]" name="feature" duration-ms="12226" started-at="2023-06-16T08:34:07Z" description="Runs Cucumber Feature" data-provider="features" finished-at="2023-06-16T08:34:20Z">
          <params>
            <param index="0">
              <value>
                <![CDATA[Ebay Search Functionality for Laptop]]>
              </value>
            </param>
          </params>
          <reporter-output>
          </reporter-output>
        </test-method> <!-- feature -->
        <test-method status="PASS" signature="feature(cucumber.api.testng.CucumberFeatureWrapper)[pri:0, instance:upskill.runners.RunnerClass@7ac7a4e4]" name="feature" duration-ms="12645" started-at="2023-06-16T08:34:20Z" description="Runs Cucumber Feature" data-provider="features" finished-at="2023-06-16T08:34:32Z">
          <params>
            <param index="0">
              <value>
                <![CDATA[Ebay Search Functionality for Pant]]>
              </value>
            </param>
          </params>
          <reporter-output>
          </reporter-output>
        </test-method> <!-- feature -->
        <test-method status="PASS" signature="feature(cucumber.api.testng.CucumberFeatureWrapper)[pri:0, instance:upskill.runners.RunnerClass@7ac7a4e4]" name="feature" duration-ms="11500" started-at="2023-06-16T08:34:32Z" description="Runs Cucumber Feature" data-provider="features" finished-at="2023-06-16T08:34:44Z">
          <params>
            <param index="0">
              <value>
                <![CDATA[Ebay Search Functionality for Shirt]]>
              </value>
            </param>
          </params>
          <reporter-output>
          </reporter-output>
        </test-method> <!-- feature -->
        <test-method status="PASS" signature="feature(cucumber.api.testng.CucumberFeatureWrapper)[pri:0, instance:upskill.runners.RunnerClass@7ac7a4e4]" name="feature" duration-ms="14681" started-at="2023-06-16T08:34:44Z" description="Runs Cucumber Feature" data-provider="features" finished-at="2023-06-16T08:34:59Z">
          <params>
            <param index="0">
              <value>
                <![CDATA[Ebay Summary Mousehover]]>
              </value>
            </param>
          </params>
          <reporter-output>
          </reporter-output>
        </test-method> <!-- feature -->
        <test-method status="PASS" signature="feature(cucumber.api.testng.CucumberFeatureWrapper)[pri:0, instance:upskill.runners.RunnerClass@7ac7a4e4]" name="feature" duration-ms="15437" started-at="2023-06-16T08:34:59Z" description="Runs Cucumber Feature" data-provider="features" finished-at="2023-06-16T08:35:14Z">
          <params>
            <param index="0">
              <value>
                <![CDATA[Rahul Shetty iframe practice]]>
              </value>
            </param>
          </params>
          <reporter-output>
          </reporter-output>
        </test-method> <!-- feature -->
        <test-method status="PASS" signature="writeExtentReport()[pri:0, instance:upskill.runners.RunnerClass@7ac7a4e4]" name="writeExtentReport" is-config="true" duration-ms="127" started-at="2023-06-16T08:35:14Z" finished-at="2023-06-16T08:35:14Z">
          <reporter-output>
          </reporter-output>
        </test-method> <!-- writeExtentReport -->
        <test-method status="PASS" signature="tearDownClass()[pri:0, instance:upskill.runners.RunnerClass@7ac7a4e4]" name="tearDownClass" is-config="true" duration-ms="288" started-at="2023-06-16T08:35:14Z" finished-at="2023-06-16T08:35:14Z">
          <reporter-output>
          </reporter-output>
        </test-method> <!-- tearDownClass -->
      </class> <!-- upskill.runners.RunnerClass -->
    </test> <!-- Ebay -->
  </suite> <!-- Regression -->
</testng-results>
